<?xml version="1.0" encoding="UTF-8"?>
<!-- Generated by org.testng.reporters.JUnitReportReporter -->
<testsuite skipped="0" hostname="CMM-C02XF43DJG5J" name="com.hooq.interview.test.TestApplication" tests="2" failures="0" timestamp="15 Feb 2019 18:52:45 GMT" time="13.899" errors="0">
  <testcase name="LoginWithNewlyCreatedAccount" time="4.122" classname="com.hooq.interview.test.TestApplication"/>
  <testcase name="RegistrationOfUser" time="9.777" classname="com.hooq.interview.test.TestApplication"/>
</testsuite> <!-- com.hooq.interview.test.TestApplication -->
