<?xml version="1.0" encoding="UTF-8"?>
<!-- Generated by org.testng.reporters.JUnitReportReporter -->
<testsuite hostname="CMM-C02XF43DJG5J" name="com.hooq.interview.test.TestApplication" tests="3" failures="0" timestamp="16 Feb 2019 08:21:20 GMT" time="16.832" errors="0">
  <testcase name="loginWithInvalidCrfedentials" time="1.895" classname="com.hooq.interview.test.TestApplication"/>
  <testcase name="RegistrationOfUser" time="9.759" classname="com.hooq.interview.test.TestApplication"/>
  <testcase name="LoginWithNewlyCreatedAccount" time="5.178" classname="com.hooq.interview.test.TestApplication"/>
</testsuite> <!-- com.hooq.interview.test.TestApplication -->
